2019-09-10 16:12:27 Error: [PDOException] SQLSTATE[HY000] [1049] Unknown database 'my_app' in C:\UniServerZ\www\Cours_5B7_TP\Cours_5B7_TP1\vendor\cakephp\cakephp\src\Database\Driver.php on line 92
Stack Trace:
#0 C:\UniServerZ\www\Cours_5B7_TP\Cours_5B7_TP1\vendor\cakephp\cakephp\src\Database\Driver.php(92): PDO->__construct('mysql:host=loca...', 'root', 'mysql', Array)
#1 C:\UniServerZ\www\Cours_5B7_TP\Cours_5B7_TP1\vendor\cakephp\cakephp\src\Database\Driver\Mysql.php(106): Cake\Database\Driver->_connect('mysql:host=loca...', Array)
#2 C:\UniServerZ\www\Cours_5B7_TP\Cours_5B7_TP1\vendor\cakephp\cakephp\src\Database\Schema\BaseSchema.php(45): Cake\Database\Driver\Mysql->connect()
#3 C:\UniServerZ\www\Cours_5B7_TP\Cours_5B7_TP1\vendor\cakephp\cakephp\src\Database\Dialect\MysqlDialectTrait.php(63): Cake\Database\Schema\BaseSchema->__construct(Object(Cake\Database\Driver\Mysql))
#4 C:\UniServerZ\www\Cours_5B7_TP\Cours_5B7_TP1\vendor\cakephp\cakephp\src\Database\Schema\Collection.php(52): Cake\Database\Driver\Mysql->schemaDialect()
#5 C:\UniServerZ\www\Cours_5B7_TP\Cours_5B7_TP1\vendor\cakephp\cakephp\src\Database\Schema\CachedCollection.php(42): Cake\Database\Schema\Collection->__construct(Object(Cake\Database\Connection))
#6 C:\UniServerZ\www\Cours_5B7_TP\Cours_5B7_TP1\vendor\cakephp\cakephp\src\Database\Connection.php(391): Cake\Database\Schema\CachedCollection->__construct(Object(Cake\Database\Connection), true)
#7 C:\UniServerZ\www\Cours_5B7_TP\Cours_5B7_TP1\vendor\cakephp\bake\src\Shell\Task\ModelTask.php(1095): Cake\Database\Connection->getSchemaCollection()
#8 C:\UniServerZ\www\Cours_5B7_TP\Cours_5B7_TP1\vendor\cakephp\bake\src\Shell\Task\ModelTask.php(1049): Bake\Shell\Task\ModelTask->_getAllTables()
#9 C:\UniServerZ\www\Cours_5B7_TP\Cours_5B7_TP1\vendor\cakephp\bake\src\Shell\Task\ModelTask.php(213): Bake\Shell\Task\ModelTask->listAll()
#10 C:\UniServerZ\www\Cours_5B7_TP\Cours_5B7_TP1\vendor\cakephp\bake\src\Shell\Task\ModelTask.php(131): Bake\Shell\Task\ModelTask->getAssociations(Object(Cake\ORM\Table))
#11 C:\UniServerZ\www\Cours_5B7_TP\Cours_5B7_TP1\vendor\cakephp\bake\src\Shell\Task\ModelTask.php(114): Bake\Shell\Task\ModelTask->getTableContext(Object(Cake\ORM\Table), 'users', 'Users')
#12 C:\UniServerZ\www\Cours_5B7_TP\Cours_5B7_TP1\vendor\cakephp\bake\src\Shell\Task\ModelTask.php(101): Bake\Shell\Task\ModelTask->bake('Users')
#13 C:\UniServerZ\www\Cours_5B7_TP\Cours_5B7_TP1\vendor\cakephp\bake\src\Shell\BakeShell.php(279): Bake\Shell\Task\ModelTask->main('Users')
#14 C:\UniServerZ\www\Cours_5B7_TP\Cours_5B7_TP1\vendor\cakephp\cakephp\src\Collection\CollectionTrait.php(65): Bake\Shell\BakeShell->Bake\Shell\{closure}('Users', 0)
#15 C:\UniServerZ\www\Cours_5B7_TP\Cours_5B7_TP1\vendor\cakephp\bake\src\Shell\BakeShell.php(280): Cake\Collection\Collection->each(Object(Closure))
#16 C:\UniServerZ\www\Cours_5B7_TP\Cours_5B7_TP1\vendor\cakephp\cakephp\src\Console\Shell.php(518): Bake\Shell\BakeShell->all('Users')
#17 C:\UniServerZ\www\Cours_5B7_TP\Cours_5B7_TP1\vendor\cakephp\cakephp\src\Console\CommandRunner.php(385): Cake\Console\Shell->runCommand(Array, true)
#18 C:\UniServerZ\www\Cours_5B7_TP\Cours_5B7_TP1\vendor\cakephp\cakephp\src\Console\CommandRunner.php(162): Cake\Console\CommandRunner->runShell(Object(Bake\Shell\BakeShell), Array)
#19 C:\UniServerZ\www\Cours_5B7_TP\Cours_5B7_TP1\bin\cake.php(12): Cake\Console\CommandRunner->run(Array)
#20 {main}


